<?xml version="1.0" encoding="UTF-8"?>
<!-- Generated by org.testng.reporters.JUnitReportReporter -->
<testsuite hostname="DESKTOP-BA6DBII" failures="0" tests="1" name="seleniumClass" time="7.704" errors="0" timestamp="2023-11-24T11:09:31 IST" skipped="0">
  <testcase classname="seleniumClass" name="open" time="7.704"/>
  <system-out/>
</testsuite> <!-- seleniumClass -->
